XPATests/Components/XpaTMobile/PublishedApplication/Android/source/app/build/outputs/logs/manifest-merger-debug-report.txt
-- Merging decision tree log ---
manifest
ADDED from src\main\AndroidManifest.xml:2:1-137:12
	package
		ADDED from src\main\AndroidManifest.xml:4:2-38
		INJECTED from src\main\AndroidManifest.xml
		INJECTED from src\main\AndroidManifest.xml
	android:versionName
		ADDED from src\main\AndroidManifest.xml:6:2-27
		INJECTED from src\main\AndroidManifest.xml
		INJECTED from src\main\AndroidManifest.xml
	xmlns:tools
		ADDED from src\main\AndroidManifest.xml:3:2-48
	android:versionCode
		ADDED from src\main\AndroidManifest.xml:5:2-25
		INJECTED from src\main\AndroidManifest.xml
		INJECTED from src\main\AndroidManifest.xml
	xmlns:android
		ADDED from src\main\AndroidManifest.xml:2:11-69
uses-sdk
ADDED from src\main\AndroidManifest.xml:8:5-74
MERGED from [com.android.support:appcompat-v7:25.1.0] AndroidManifest.xml:21:5-23:78
MERGED from [com.android.support:animated-vector-drawable:25.1.0] AndroidManifest.xml:20:5-44
MERGED from [com.android.support:support-vector-drawable:25.1.0] AndroidManifest.xml:21:5-43
MERGED from [com.google.firebase:firebase-messaging:9.6.0] AndroidManifest.xml:17:5-42
MERGED from [:libMgxpaRC:] AndroidManifest.xml:7:5-9:41
MERGED from [:android-crop:] AndroidManifest.xml:6:5-8:41
MERGED from [net.zetetic:android-database-sqlcipher:3.5.4] AndroidManifest.xml:3:3-40
MERGED from [com.google.firebase:firebase-core:9.6.0] AndroidManifest.xml:4:5-42
MERGED from [com.google.firebase:firebase-analytics:9.6.0] AndroidManifest.xml:17:5-42
MERGED from [com.google.firebase:firebase-analytics-impl:9.6.0] AndroidManifest.xml:17:5-42
MERGED from [com.google.firebase:firebase-iid:9.6.0] AndroidManifest.xml:17:5-42
MERGED from [com.google.firebase:firebase-common:9.6.0] AndroidManifest.xml:3:5-42
MERGED from [com.google.android.gms:play-services-tasks:9.6.0] AndroidManifest.xml:3:5-42
MERGED from [com.google.android.gms:play-services-basement:9.6.0] AndroidManifest.xml:17:5-42
MERGED from [com.android.support:support-v4:25.1.0] AndroidManifest.xml:21:5-23:54
MERGED from [com.android.support:support-fragment:25.1.0] AndroidManifest.xml:21:5-23:60
MERGED from [com.android.support:support-media-compat:25.1.0] AndroidManifest.xml:21:5-23:63
MERGED from [com.android.support:support-core-ui:25.1.0] AndroidManifest.xml:21:5-23:58
MERGED from [com.android.support:support-core-utils:25.1.0] AndroidManifest.xml:21:5-23:61
MERGED from [com.android.support:support-compat:25.1.0] AndroidManifest.xml:21:5-23:58
	tools:overrideLibrary
		ADDED from [com.android.support:appcompat-v7:25.1.0] AndroidManifest.xml:23:9-75
	android:targetSdkVersion
		ADDED from src\main\AndroidManifest.xml:8:42-71
		INJECTED from src\main\AndroidManifest.xml
		INJECTED from src\main\AndroidManifest.xml
	android:minSdkVersion
		ADDED from src\main\AndroidManifest.xml:8:15-41
		INJECTED from src\main\AndroidManifest.xml
		INJECTED from src\main\AndroidManifest.xml
uses-permission#android.permission.INTERNET
ADDED from src\main\AndroidManifest.xml:9:5-67
MERGED from [:libMgxpaRC:] AndroidManifest.xml:11:5-67
MERGED from [com.google.firebase:firebase-analytics:9.6.0] AndroidManifest.xml:20:5-66
MERGED from [com.google.firebase:firebase-analytics-impl:9.6.0] AndroidManifest.xml:20:5-66
MERGED from [com.google.firebase:firebase-iid:9.6.0] AndroidManifest.xml:20:5-66
	android:name
		ADDED from src\main\AndroidManifest.xml:9:22-64
uses-permission#android.permission.WRITE_EXTERNAL_STORAGE
ADDED from src\main\AndroidManifest.xml:10:5-81
MERGED from [:libMgxpaRC:] AndroidManifest.xml:12:5-81
	android:name
		ADDED from src\main\AndroidManifest.xml:10:22-78
uses-permission#android.permission.READ_PHONE_STATE
ADDED from src\main\AndroidManifest.xml:11:5-75
MERGED from [:libMgxpaRC:] AndroidManifest.xml:13:5-75
	android:name
		ADDED from src\main\AndroidManifest.xml:11:22-72
uses-permission#android.permission.ACCESS_FINE_LOCATION
ADDED from src\main\AndroidManifest.xml:12:2-76
MERGED from [:libMgxpaRC:] AndroidManifest.xml:14:5-79
	android:name
		ADDED from src\main\AndroidManifest.xml:12:19-73
uses-permission#android.permission.SEND_SMS
ADDED from src\main\AndroidManifest.xml:13:2-64
MERGED from [:libMgxpaRC:] AndroidManifest.xml:15:5-67
	android:name
		ADDED from src\main\AndroidManifest.xml:13:19-61
uses-permission#android.permission.CALL_PHONE
ADDED from src\main\AndroidManifest.xml:14:2-66
MERGED from [:libMgxpaRC:] AndroidManifest.xml:16:5-69
	android:name
		ADDED from src\main\AndroidManifest.xml:14:19-63
uses-permission#android.permission.ACCESS_NETWORK_STATE
ADDED from src\main\AndroidManifest.xml:15:2-76
MERGED from [:libMgxpaRC:] AndroidManifest.xml:17:5-79
MERGED from [com.google.firebase:firebase-analytics:9.6.0] AndroidManifest.xml:21:5-78
MERGED from [com.google.firebase:firebase-analytics-impl:9.6.0] AndroidManifest.xml:21:5-78
MERGED from [com.google.firebase:firebase-iid:9.6.0] AndroidManifest.xml:19:5-78
	android:name
		ADDED from src\main\AndroidManifest.xml:15:19-73
uses-permission#android.permission.AUTHENTICATE_ACCOUNTS
ADDED from src\main\AndroidManifest.xml:17:2-77
	android:name
		ADDED from src\main\AndroidManifest.xml:17:19-74
uses-permission#android.permission.GET_ACCOUNTS
ADDED from src\main\AndroidManifest.xml:18:2-68
	android:name
		ADDED from src\main\AndroidManifest.xml:18:19-65
uses-permission#android.permission.WAKE_LOCK
ADDED from src\main\AndroidManifest.xml:19:2-65
MERGED from [com.google.firebase:firebase-analytics:9.6.0] AndroidManifest.xml:22:5-67
MERGED from [com.google.firebase:firebase-analytics-impl:9.6.0] AndroidManifest.xml:22:5-67
MERGED from [com.google.firebase:firebase-iid:9.6.0] AndroidManifest.xml:21:5-67
	android:name
		ADDED from src\main\AndroidManifest.xml:19:19-62
uses-feature#android.hardware.camera
ADDED from src\main\AndroidManifest.xml:21:2-82
	android:required
		ADDED from src\main\AndroidManifest.xml:21:55-79
	android:name
		ADDED from src\main\AndroidManifest.xml:21:16-54
uses-feature#android.hardware.camera.autofocus
ADDED from src\main\AndroidManifest.xml:22:2-92
	android:required
		ADDED from src\main\AndroidManifest.xml:22:65-89
	android:name
		ADDED from src\main\AndroidManifest.xml:22:16-64
uses-feature#android.hardware.location
ADDED from src\main\AndroidManifest.xml:23:2-84
	android:required
		ADDED from src\main\AndroidManifest.xml:23:57-81
	android:name
		ADDED from src\main\AndroidManifest.xml:23:16-56
uses-feature#android.hardware.location.gps
ADDED from src\main\AndroidManifest.xml:24:2-88
	android:required
		ADDED from src\main\AndroidManifest.xml:24:61-85
	android:name
		ADDED from src\main\AndroidManifest.xml:24:16-60
uses-feature#android.hardware.telephony
ADDED from src\main\AndroidManifest.xml:25:2-85
	android:required
		ADDED from src\main\AndroidManifest.xml:25:58-82
	android:name
		ADDED from src\main\AndroidManifest.xml:25:16-57
supports-screens
ADDED from src\main\AndroidManifest.xml:27:2-51
MERGED from [:libMgxpaRC:] AndroidManifest.xml:19:5-54
	android:xlargeScreens
		ADDED from src\main\AndroidManifest.xml:27:20-48
application
ADDED from src\main\AndroidManifest.xml:29:5-135:19
MERGED from [com.android.support:appcompat-v7:25.1.0] AndroidManifest.xml:25:5-20
MERGED from [com.android.support:animated-vector-drawable:25.1.0] AndroidManifest.xml:22:5-20
MERGED from [com.android.support:support-vector-drawable:25.1.0] AndroidManifest.xml:23:5-20
MERGED from [com.google.firebase:firebase-messaging:9.6.0] AndroidManifest.xml:19:5-29:19
MERGED from [:libMgxpaRC:] AndroidManifest.xml:21:5-60:19
MERGED from [com.google.firebase:firebase-core:9.6.0] AndroidManifest.xml:5:5-20
MERGED from [com.google.firebase:firebase-analytics:9.6.0] AndroidManifest.xml:24:5-33:19
MERGED from [com.google.firebase:firebase-analytics-impl:9.6.0] AndroidManifest.xml:24:5-28:19
MERGED from [com.google.firebase:firebase-iid:9.6.0] AndroidManifest.xml:28:5-50:19
MERGED from [com.google.firebase:firebase-common:9.6.0] AndroidManifest.xml:4:5-7:19
MERGED from [com.google.android.gms:play-services-tasks:9.6.0] AndroidManifest.xml:4:5-19
MERGED from [com.google.android.gms:play-services-basement:9.6.0] AndroidManifest.xml:19:5-21:19
MERGED from [com.android.support:support-v4:25.1.0] AndroidManifest.xml:25:5-20
MERGED from [com.android.support:support-fragment:25.1.0] AndroidManifest.xml:25:5-20
MERGED from [com.android.support:support-media-compat:25.1.0] AndroidManifest.xml:25:5-20
MERGED from [com.android.support:support-core-ui:25.1.0] AndroidManifest.xml:25:5-20
MERGED from [com.android.support:support-core-utils:25.1.0] AndroidManifest.xml:25:5-20
MERGED from [com.android.support:support-compat:25.1.0] AndroidManifest.xml:25:5-20
	android:label
		ADDED from src\main\AndroidManifest.xml:32:3-35
		REJECTED from [:libMgxpaRC:] AndroidManifest.xml:26:9-30
	android:hardwareAccelerated
		ADDED from src\main\AndroidManifest.xml:34:3-37
	android:allowBackup
		ADDED from src\main\AndroidManifest.xml:36:3-29
	android:icon
		ADDED from src\main\AndroidManifest.xml:31:9-38
	android:theme
		ADDED from src\main\AndroidManifest.xml:35:3-34
	tools:replace
		ADDED from src\main\AndroidManifest.xml:30:3-46
	android:name
		ADDED from src\main\AndroidManifest.xml:33:9-39
		REJECTED from [:libMgxpaRC:] AndroidManifest.xml:22:9-62
provider#android.support.v4.content.FileProvider
ADDED from src\main\AndroidManifest.xml:38:9-46:20
MERGED from [:libMgxpaRC:] AndroidManifest.xml:28:9-36:20
	android:authorities
		ADDED from src\main\AndroidManifest.xml:40:13-60
		INJECTED from src\main\AndroidManifest.xml
	android:grantUriPermissions
		ADDED from src\main\AndroidManifest.xml:42:13-47
	android:exported
		ADDED from src\main\AndroidManifest.xml:41:13-37
	android:name
		ADDED from src\main\AndroidManifest.xml:39:13-67
meta-data#android.support.FILE_PROVIDER_PATHS
ADDED from src\main\AndroidManifest.xml:43:13-45:57
MERGED from [:libMgxpaRC:] AndroidManifest.xml:33:13-35:58
	android:resource
		ADDED from src\main\AndroidManifest.xml:45:17-55
	android:name
		ADDED from src\main\AndroidManifest.xml:44:17-67
activity#com.magicsoftware.magicdev.MainActivity
ADDED from src\main\AndroidManifest.xml:48:9-66:20
	android:windowSoftInputMode
		ADDED from src\main\AndroidManifest.xml:52:4-45
	android:configChanges
		ADDED from src\main\AndroidManifest.xml:51:4-74
	android:theme
		ADDED from src\main\AndroidManifest.xml:50:4-42
	android:name
		ADDED from src\main\AndroidManifest.xml:49:13-40
intent-filter#android.intent.action.MAIN+android.intent.category.LAUNCHER
ADDED from src\main\AndroidManifest.xml:53:13-56:29
action#android.intent.action.MAIN
ADDED from src\main\AndroidManifest.xml:54:17-69
	android:name
		ADDED from src\main\AndroidManifest.xml:54:25-66
category#android.intent.category.LAUNCHER
ADDED from src\main\AndroidManifest.xml:55:17-77
	android:name
		ADDED from src\main\AndroidManifest.xml:55:27-74
intent-filter#android.intent.action.VIEW+android.intent.category.BROWSABLE+android.intent.category.DEFAULT
ADDED from src\main\AndroidManifest.xml:60:4-65:20
data
ADDED from src\main\AndroidManifest.xml:61:5-94
	android:path
		ADDED from src\main\AndroidManifest.xml:61:75-91
	android:host
		ADDED from src\main\AndroidManifest.xml:61:33-74
	android:scheme
		ADDED from src\main\AndroidManifest.xml:61:11-32
action#android.intent.action.VIEW
ADDED from src\main\AndroidManifest.xml:62:5-57
	android:name
		ADDED from src\main\AndroidManifest.xml:62:13-54
category#android.intent.category.BROWSABLE
ADDED from src\main\AndroidManifest.xml:63:5-65
	android:name
		ADDED from src\main\AndroidManifest.xml:63:15-63
category#android.intent.category.DEFAULT
ADDED from src\main\AndroidManifest.xml:64:5-63
	android:name
		ADDED from src\main\AndroidManifest.xml:64:15-61
activity#com.magicsoftware.magicdev.DevActivity
ADDED from src\main\AndroidManifest.xml:67:9-74:14
	android:configChanges
		ADDED from src\main\AndroidManifest.xml:70:4-74
	android:theme
		ADDED from src\main\AndroidManifest.xml:69:4-42
	android:name
		ADDED from src\main\AndroidManifest.xml:68:13-39
intent-filter#android.intent.action.MAIN
ADDED from src\main\AndroidManifest.xml:71:13-73:29
activity#com.magicsoftware.core.startact
ADDED from src\main\AndroidManifest.xml:75:9-79:14
MERGED from [:libMgxpaRC:] AndroidManifest.xml:38:9-44:20
	android:label
		ADDED from [:libMgxpaRC:] AndroidManifest.xml:41:13-34
	android:windowSoftInputMode
		ADDED from [:libMgxpaRC:] AndroidManifest.xml:43:13-54
	android:configChanges
		ADDED from src\main\AndroidManifest.xml:78:4-74
		REJECTED from [:libMgxpaRC:] AndroidManifest.xml:40:13-74
	android:theme
		ADDED from [:libMgxpaRC:] AndroidManifest.xml:42:13-51
	tools:replace
		ADDED from src\main\AndroidManifest.xml:76:4-43
	android:name
		ADDED from src\main\AndroidManifest.xml:77:4-50
activity#com.magicsoftware.core.DialogHandler
ADDED from src\main\AndroidManifest.xml:80:9-85:14
	android:configChanges
		ADDED from src\main\AndroidManifest.xml:84:4-74
	android:theme
		ADDED from src\main\AndroidManifest.xml:83:4-63
	tools:replace
		ADDED from src\main\AndroidManifest.xml:81:4-43
	android:name
		ADDED from src\main\AndroidManifest.xml:82:4-55
activity#com.magicsoftware.core.EmptyWindow
ADDED from src\main\AndroidManifest.xml:86:9-92:20
MERGED from [:libMgxpaRC:] AndroidManifest.xml:45:9-52:20
	android:excludeFromRecents
		ADDED from [:libMgxpaRC:] AndroidManifest.xml:49:13-46
	android:windowSoftInputMode
		ADDED from src\main\AndroidManifest.xml:90:13-64
	android:configChanges
		ADDED from src\main\AndroidManifest.xml:89:13-83
		REJECTED from [:libMgxpaRC:] AndroidManifest.xml:48:13-74
	android:allowTaskReparenting
		ADDED from [:libMgxpaRC:] AndroidManifest.xml:47:13-48
	android:theme
		ADDED from src\main\AndroidManifest.xml:91:4-32
	tools:replace
		ADDED from src\main\AndroidManifest.xml:87:4-43
	android:name
		ADDED from src\main\AndroidManifest.xml:88:13-62
activity#com.magicsoftware.core.GCPrintDialog
ADDED from src\main\AndroidManifest.xml:93:3-76
MERGED from [:libMgxpaRC:] AndroidManifest.xml:58:9-59:20
	android:name
		ADDED from src\main\AndroidManifest.xml:93:13-64
activity#com.soundcloud.android.crop.CropImageActivity
ADDED from src\main\AndroidManifest.xml:94:3-76
MERGED from [:libMgxpaRC:] AndroidManifest.xml:53:9-82
	android:name
		ADDED from src\main\AndroidManifest.xml:94:13-73
service#com.magicsoftware.magicdev.AccountAuthenticatorService
ADDED from src\main\AndroidManifest.xml:96:9-105:19
	android:process
		ADDED from src\main\AndroidManifest.xml:98:13-36
	android:exported
		ADDED from src\main\AndroidManifest.xml:97:13-37
	android:name
		ADDED from src\main\AndroidManifest.xml:96:18-60
intent-filter#android.accounts.AccountAuthenticator
ADDED from src\main\AndroidManifest.xml:99:13-101:29
action#android.accounts.AccountAuthenticator
ADDED from src\main\AndroidManifest.xml:100:17-80
	android:name
		ADDED from src\main\AndroidManifest.xml:100:25-77
meta-data#android.accounts.AccountAuthenticator
ADDED from src\main\AndroidManifest.xml:102:13-104:57
	android:resource
		ADDED from src\main\AndroidManifest.xml:104:17-54
	android:name
		ADDED from src\main\AndroidManifest.xml:103:17-69
activity#com.magicsoftware.magicdev.SettingsActivity
ADDED from src\main\AndroidManifest.xml:107:9-52
	android:name
		ADDED from src\main\AndroidManifest.xml:107:19-50
service#com.magicsoftware.magicdev.MyFirebaseMessagingService
ADDED from src\main\AndroidManifest.xml:110:3-115:13
	android:name
		ADDED from src\main\AndroidManifest.xml:111:4-46
intent-filter#com.google.firebase.MESSAGING_EVENT
ADDED from src\main\AndroidManifest.xml:112:4-114:20
action#com.google.firebase.MESSAGING_EVENT
ADDED from src\main\AndroidManifest.xml:113:5-65
	android:name
		ADDED from src\main\AndroidManifest.xml:113:13-63
receiver#com.magicsoftware.magicdev.MyFirebaseNotificationDismissReceiver
ADDED from src\main\AndroidManifest.xml:116:3-119:14
	android:exported
		ADDED from src\main\AndroidManifest.xml:118:4-28
	android:name
		ADDED from src\main\AndroidManifest.xml:117:4-57
receiver#com.magicsoftware.magicdev.MyFirebaseNotificationClickReceiver
ADDED from src\main\AndroidManifest.xml:121:3-124:14
	android:exported
		ADDED from src\main\AndroidManifest.xml:123:4-28
	android:name
		ADDED from src\main\AndroidManifest.xml:122:4-55
service#com.magicsoftware.magicdev.MyFirebaseInstanceIDService
ADDED from src\main\AndroidManifest.xml:127:3-132:13
	android:name
		ADDED from src\main\AndroidManifest.xml:128:4-47
intent-filter#com.google.firebase.INSTANCE_ID_EVENT
ADDED from src\main\AndroidManifest.xml:129:4-131:20
action#com.google.firebase.INSTANCE_ID_EVENT
ADDED from src\main\AndroidManifest.xml:130:5-67
	android:name
		ADDED from src\main\AndroidManifest.xml:130:13-65
service#com.google.firebase.messaging.FirebaseMessagingService
ADDED from [com.google.firebase:firebase-messaging:9.6.0] AndroidManifest.xml:23:9-27:19
	android:exported
		ADDED from [com.google.firebase:firebase-messaging:9.6.0] AndroidManifest.xml:23:88-111
	android:name
		ADDED from [com.google.firebase:firebase-messaging:9.6.0] AndroidManifest.xml:23:18-87
service#com.magicsoftware.core.PopUpService
ADDED from [:libMgxpaRC:] AndroidManifest.xml:55:9-56:19
	android:name
		ADDED from [:libMgxpaRC:] AndroidManifest.xml:55:18-68
receiver#com.google.android.gms.measurement.AppMeasurementReceiver
ADDED from [com.google.firebase:firebase-analytics:9.6.0] AndroidManifest.xml:25:7-26:18
MERGED from [com.google.firebase:firebase-analytics-impl:9.6.0] AndroidManifest.xml:25:7-26:18
	android:enabled
		ADDED from [com.google.firebase:firebase-analytics:9.6.0] AndroidManifest.xml:25:90-112
	android:exported
		ADDED from [com.google.firebase:firebase-analytics:9.6.0] AndroidManifest.xml:25:113-137
	android:name
		ADDED from [com.google.firebase:firebase-analytics:9.6.0] AndroidManifest.xml:25:17-89
receiver#com.google.android.gms.measurement.AppMeasurementInstallReferrerReceiver
ADDED from [com.google.firebase:firebase-analytics:9.6.0] AndroidManifest.xml:27:7-31:18
	android:enabled
		ADDED from [com.google.firebase:firebase-analytics:9.6.0] AndroidManifest.xml:27:162-184
	android:permission
		ADDED from [com.google.firebase:firebase-analytics:9.6.0] AndroidManifest.xml:27:105-161
	android:name
		ADDED from [com.google.firebase:firebase-analytics:9.6.0] AndroidManifest.xml:27:17-104
intent-filter#com.android.vending.INSTALL_REFERRER
ADDED from [com.google.firebase:firebase-analytics:9.6.0] AndroidManifest.xml:28:11-30:27
action#com.android.vending.INSTALL_REFERRER
ADDED from [com.google.firebase:firebase-analytics:9.6.0] AndroidManifest.xml:29:15-76
	android:name
		ADDED from [com.google.firebase:firebase-analytics:9.6.0] AndroidManifest.xml:29:23-74
service#com.google.android.gms.measurement.AppMeasurementService
ADDED from [com.google.firebase:firebase-analytics:9.6.0] AndroidManifest.xml:32:7-137
MERGED from [com.google.firebase:firebase-analytics-impl:9.6.0] AndroidManifest.xml:27:7-137
	android:enabled
		ADDED from [com.google.firebase:firebase-analytics:9.6.0] AndroidManifest.xml:32:88-110
	android:exported
		ADDED from [com.google.firebase:firebase-analytics:9.6.0] AndroidManifest.xml:32:111-135
	android:name
		ADDED from [com.google.firebase:firebase-analytics:9.6.0] AndroidManifest.xml:32:16-87
uses-permission#com.google.android.c2dm.permission.RECEIVE
ADDED from [com.google.firebase:firebase-iid:9.6.0] AndroidManifest.xml:22:5-81
	android:name
		ADDED from [com.google.firebase:firebase-iid:9.6.0] AndroidManifest.xml:22:22-79
permission#${applicationId}.permission.C2D_MESSAGE
ADDED from [com.google.firebase:firebase-iid:9.6.0] AndroidManifest.xml:24:5-109
	android:protectionLevel
		ADDED from [com.google.firebase:firebase-iid:9.6.0] AndroidManifest.xml:24:72-107
	android:name
		ADDED from [com.google.firebase:firebase-iid:9.6.0] AndroidManifest.xml:24:17-71
uses-permission#${applicationId}.permission.C2D_MESSAGE
ADDED from [com.google.firebase:firebase-iid:9.6.0] AndroidManifest.xml:26:5-78
	android:name
		ADDED from [com.google.firebase:firebase-iid:9.6.0] AndroidManifest.xml:26:22-76
receiver#com.google.firebase.iid.FirebaseInstanceIdReceiver
ADDED from [com.google.firebase:firebase-iid:9.6.0] AndroidManifest.xml:30:9-36:20
	android:exported
		ADDED from [com.google.firebase:firebase-iid:9.6.0] AndroidManifest.xml:30:85-108
	android:permission
		ADDED from [com.google.firebase:firebase-iid:9.6.0] AndroidManifest.xml:30:109-169
	android:name
		ADDED from [com.google.firebase:firebase-iid:9.6.0] AndroidManifest.xml:30:19-84
intent-filter#${applicationId}+com.google.android.c2dm.intent.RECEIVE+com.google.android.c2dm.intent.REGISTRATION
ADDED from [com.google.firebase:firebase-iid:9.6.0] AndroidManifest.xml:31:13-35:29
action#com.google.android.c2dm.intent.RECEIVE
ADDED from [com.google.firebase:firebase-iid:9.6.0] AndroidManifest.xml:32:17-80
	android:name
		ADDED from [com.google.firebase:firebase-iid:9.6.0] AndroidManifest.xml:32:25-78
action#com.google.android.c2dm.intent.REGISTRATION
ADDED from [com.google.firebase:firebase-iid:9.6.0] AndroidManifest.xml:33:17-85
	android:name
		ADDED from [com.google.firebase:firebase-iid:9.6.0] AndroidManifest.xml:33:25-83
category#${applicationId}
ADDED from [com.google.firebase:firebase-iid:9.6.0] AndroidManifest.xml:34:17-60
	android:name
		ADDED from [com.google.firebase:firebase-iid:9.6.0] AndroidManifest.xml:34:27-58
receiver#com.google.firebase.iid.FirebaseInstanceIdInternalReceiver
ADDED from [com.google.firebase:firebase-iid:9.6.0] AndroidManifest.xml:40:9-119
	android:exported
		ADDED from [com.google.firebase:firebase-iid:9.6.0] AndroidManifest.xml:40:93-117
	android:name
		ADDED from [com.google.firebase:firebase-iid:9.6.0] AndroidManifest.xml:40:19-92
service#com.google.firebase.iid.FirebaseInstanceIdService
ADDED from [com.google.firebase:firebase-iid:9.6.0] AndroidManifest.xml:44:9-48:19
	android:exported
		ADDED from [com.google.firebase:firebase-iid:9.6.0] AndroidManifest.xml:44:83-106
	android:name
		ADDED from [com.google.firebase:firebase-iid:9.6.0] AndroidManifest.xml:44:18-82
provider#com.google.firebase.provider.FirebaseInitProvider
ADDED from [com.google.firebase:firebase-common:9.6.0] AndroidManifest.xml:6:9-175
	android:authorities
		ADDED from [com.google.firebase:firebase-common:9.6.0] AndroidManifest.xml:6:19-78
	android:exported
		ADDED from [com.google.firebase:firebase-common:9.6.0] AndroidManifest.xml:6:125-149
	android:initOrder
		ADDED from [com.google.firebase:firebase-common:9.6.0] AndroidManifest.xml:6:150-173
	android:name
		ADDED from [com.google.firebase:firebase-common:9.6.0] AndroidManifest.xml:6:79-124
meta-data#com.google.android.gms.version
ADDED from [com.google.android.gms:play-services-basement:9.6.0] AndroidManifest.xml:20:9-121
	android:value
		ADDED from [com.google.android.gms:play-services-basement:9.6.0] AndroidManifest.xml:20:66-119
	android:name
		ADDED from [com.google.android.gms:play-services-basement:9.6.0] AndroidManifest.xml:20:20-65